<?xml version="1.0" encoding="UTF-8"?>
<testng-results total="1" passed="1" failed="0" skipped="0">
  <reporter-output>
  </reporter-output>
  <suite started-at="2024-05-14T17:22:30Z" name="Default suite" finished-at="2024-05-14T17:22:31Z" duration-ms="714">
    <groups>
    </groups>
    <test started-at="2024-05-14T17:22:30Z" name="Default test" finished-at="2024-05-14T17:22:31Z" duration-ms="714">
      <class name="LearnTestNG.LearnPOM">
        <test-method signature="readExcelData()[pri:0, instance:LearnTestNG.LearnPOM@457c9034]" started-at="2024-05-14T22:52:30Z" name="readExcelData" finished-at="2024-05-14T22:52:31Z" duration-ms="687" status="PASS">
          <reporter-output>
          </reporter-output>
        </test-method> <!-- readExcelData -->
      </class> <!-- LearnTestNG.LearnPOM -->
    </test> <!-- Default test -->
  </suite> <!-- Default suite -->
</testng-results>
