<?xml version="1.0" encoding="UTF-8"?>
<testng-results total="1" passed="1" failed="0" skipped="0">
  <reporter-output>
  </reporter-output>
  <suite started-at="2024-05-07T17:26:15Z" name="Default suite" finished-at="2024-05-07T17:26:35Z" duration-ms="20504">
    <groups>
    </groups>
    <test started-at="2024-05-07T17:26:15Z" name="Default test" finished-at="2024-05-07T17:26:35Z" duration-ms="20504">
      <class name="LearnTestNG.LearnPOM">
        <test-method signature="testAutomationPracticeBlogspot()[pri:0, instance:LearnTestNG.LearnPOM@345f69f3]" started-at="2024-05-07T22:56:15Z" name="testAutomationPracticeBlogspot" finished-at="2024-05-07T22:56:35Z" duration-ms="20483" status="PASS">
          <reporter-output>
          </reporter-output>
        </test-method> <!-- testAutomationPracticeBlogspot -->
      </class> <!-- LearnTestNG.LearnPOM -->
    </test> <!-- Default test -->
  </suite> <!-- Default suite -->
</testng-results>
